[debug] [2020-09-11T23:34:16.968Z] ----------------------------------------------------------------------
[debug] [2020-09-11T23:34:16.972Z] Command:       C:\Program Files\nodejs\node.exe C:\Users\13022\AppData\Roaming\npm\node_modules\firebase-tools\lib\bin\firebase.js deploy
[debug] [2020-09-11T23:34:16.973Z] CLI Version:   8.10.0
[debug] [2020-09-11T23:34:16.973Z] Platform:      win32
[debug] [2020-09-11T23:34:16.973Z] Node Version:  v12.18.2
[debug] [2020-09-11T23:34:16.975Z] Time:          Fri Sep 11 2020 23:34:16 GMT+0000 (Greenwich Mean Time)
[debug] [2020-09-11T23:34:16.976Z] ----------------------------------------------------------------------
[debug] [2020-09-11T23:34:16.976Z] 
[debug] [2020-09-11T23:34:16.990Z] > command requires scopes: ["email","openid","https://www.googleapis.com/auth/cloudplatformprojects.readonly","https://www.googleapis.com/auth/firebase","https://www.googleapis.com/auth/cloud-platform"]
[debug] [2020-09-11T23:34:16.991Z] > authorizing via signed-in user
[debug] [2020-09-11T23:34:16.992Z] [iam] checking project weather-app-ab8e9 for permissions ["firebase.projects.get","firebasehosting.sites.update"]
[debug] [2020-09-11T23:34:16.997Z] >>> HTTP REQUEST POST https://cloudresourcemanager.googleapis.com/v1/projects/weather-app-ab8e9:testIamPermissions  
 {"permissions":["firebase.projects.get","firebasehosting.sites.update"]}
[debug] [2020-09-11T23:34:47.252Z] [iam] error while checking permissions, command may fail: FirebaseError: Server Error. Client network socket disconnected before secure TLS connection was established
[debug] [2020-09-11T23:34:47.255Z] >>> HTTP REQUEST GET https://firebase.googleapis.com/v1beta1/projects/weather-app-ab8e9  
 
[debug] [2020-09-11T23:34:58.932Z] Server Error. getaddrinfo ENOTFOUND firebase.googleapis.com
[debug] [2020-09-11T23:35:10.600Z] FirebaseError: Server Error. getaddrinfo ENOTFOUND firebase.googleapis.com
    at Request._callback (C:\Users\13022\AppData\Roaming\npm\node_modules\firebase-tools\lib\api.js:32:31)
    at self.callback (C:\Users\13022\AppData\Roaming\npm\node_modules\firebase-tools\node_modules\request\request.js:185:22)
    at Request.emit (events.js:315:20)
    at Request.EventEmitter.emit (domain.js:482:12)
    at Request.onRequestError (C:\Users\13022\AppData\Roaming\npm\node_modules\firebase-tools\node_modules\request\request.js:877:8)
    at ClientRequest.emit (events.js:327:22)
    at ClientRequest.EventEmitter.emit (domain.js:482:12)
    at TLSSocket.socketErrorListener (_http_client.js:426:9)
    at TLSSocket.emit (events.js:315:20)
    at TLSSocket.EventEmitter.emit (domain.js:482:12)
    at emitErrorNT (internal/streams/destroy.js:92:8)
    at emitErrorAndCloseNT (internal/streams/destroy.js:60:3)
    at processTicksAndRejections (internal/process/task_queues.js:84:21)
[error] 
[error] Error: Failed to get Firebase project weather-app-ab8e9. Please make sure the project exists and your account has permission to access it.
